This is pdfTeX, Version 3.141592653-2.6-1.40.28 (MiKTeX 25.12) (preloaded format=pdflatex 2026.3.9)  25 MAY 2026 22:22
entering extended mode
 restricted \write18 enabled.
 %&-line parsing enabled.
**./10th.tex
(10th.tex
LaTeX2e <2025-11-01>
L3 programming layer <2025-12-24>
(C:\Users\SAGAR G RAO\AppData\Local\Programs\MiKTeX\tex/latex/base\report.cls
Document Class: report 2025/01/22 v1.4n Standard LaTeX document class
(C:\Users\SAGAR G RAO\AppData\Local\Programs\MiKTeX\tex/latex/base\size10.clo
File: size10.clo 2025/01/22 v1.4n Standard LaTeX file (size option)
)
\c@part=\count275
\c@chapter=\count276
\c@section=\count277
\c@subsection=\count278
\c@subsubsection=\count279
\c@paragraph=\count280
\c@subparagraph=\count281
\c@figure=\count282
\c@table=\count283
\abovecaptionskip=\skip49
\belowcaptionskip=\skip50
\bibindent=\dimen148
)
(C:\Users\SAGAR G RAO\AppData\Local\Programs\MiKTeX\tex/latex/pgf/frontendlayer
\tikz.sty
(C:\Users\SAGAR G RAO\AppData\Local\Programs\MiKTeX\tex/latex/pgf/basiclayer\pg
f.sty
(C:\Users\SAGAR G RAO\AppData\Local\Programs\MiKTeX\tex/latex/pgf/utilities\pgf
rcs.sty
(C:\Users\SAGAR G RAO\AppData\Local\Programs\MiKTeX\tex/generic/pgf/utilities\p
gfutil-common.tex
\pgfutil@everybye=\toks17
\pgfutil@tempdima=\dimen149
\pgfutil@tempdimb=\dimen150
)
(C:\Users\SAGAR G RAO\AppData\Local\Programs\MiKTeX\tex/generic/pgf/utilities\p
gfutil-latex.def
\pgfutil@abb=\box53
)
(C:\Users\SAGAR G RAO\AppData\Local\Programs\MiKTeX\tex/generic/pgf/utilities\p
gfrcs.code.tex
(C:\Users\SAGAR G RAO\AppData\Local\Programs\MiKTeX\tex/generic/pgf\pgf.revisio
n.tex)
Package: pgfrcs 2025-08-29 v3.1.11a (3.1.11a)
))
Package: pgf 2025-08-29 v3.1.11a (3.1.11a)

(C:\Users\SAGAR G RAO\AppData\Local\Programs\MiKTeX\tex/latex/pgf/basiclayer\pg
fcore.sty
(C:\Users\SAGAR G RAO\AppData\Local\Programs\MiKTeX\tex/latex/graphics\graphicx
.sty
Package: graphicx 2024/12/31 v1.2e Enhanced LaTeX Graphics (DPC,SPQR)

(C:\Users\SAGAR G RAO\AppData\Local\Programs\MiKTeX\tex/latex/graphics\keyval.s
ty
Package: keyval 2022/05/29 v1.15 key=value parser (DPC)
\KV@toks@=\toks18
)
(C:\Users\SAGAR G RAO\AppData\Local\Programs\MiKTeX\tex/latex/graphics\graphics
.sty
Package: graphics 2024/08/06 v1.4g Standard LaTeX Graphics (DPC,SPQR)

(C:\Users\SAGAR G RAO\AppData\Local\Programs\MiKTeX\tex/latex/graphics\trig.sty
Package: trig 2023/12/02 v1.11 sin cos tan (DPC)
)
(C:\Users\SAGAR G RAO\AppData\Local\Programs\MiKTeX\tex/latex/graphics-cfg\grap
hics.cfg
File: graphics.cfg 2016/06/04 v1.11 sample graphics configuration
)
Package graphics Info: Driver file: pdftex.def on input line 106.

(C:\Users\SAGAR G RAO\AppData\Local\Programs\MiKTeX\tex/latex/graphics-def\pdft
ex.def
File: pdftex.def 2025/09/29 v1.2d Graphics/color driver for pdftex
))
\Gin@req@height=\dimen151
\Gin@req@width=\dimen152
)
(C:\Users\SAGAR G RAO\AppData\Local\Programs\MiKTeX\tex/latex/pgf/systemlayer\p
gfsys.sty
(C:\Users\SAGAR G RAO\AppData\Local\Programs\MiKTeX\tex/generic/pgf/systemlayer
\pgfsys.code.tex
Package: pgfsys 2025-08-29 v3.1.11a (3.1.11a)

(C:\Users\SAGAR G RAO\AppData\Local\Programs\MiKTeX\tex/generic/pgf/utilities\p
gfkeys.code.tex
\pgfkeys@pathtoks=\toks19
\pgfkeys@temptoks=\toks20

(C:\Users\SAGAR G RAO\AppData\Local\Programs\MiKTeX\tex/generic/pgf/utilities\p
gfkeyslibraryfiltered.code.tex
\pgfkeys@tmptoks=\toks21
))
\pgf@x=\dimen153
\pgf@y=\dimen154
\pgf@xa=\dimen155
\pgf@ya=\dimen156
\pgf@xb=\dimen157
\pgf@yb=\dimen158
\pgf@xc=\dimen159
\pgf@yc=\dimen160
\pgf@xd=\dimen161
\pgf@yd=\dimen162
\w@pgf@writea=\write3
\r@pgf@reada=\read2
\c@pgf@counta=\count284
\c@pgf@countb=\count285
\c@pgf@countc=\count286
\c@pgf@countd=\count287
\t@pgf@toka=\toks22
\t@pgf@tokb=\toks23
\t@pgf@tokc=\toks24
\pgf@sys@id@count=\count288

(C:\Users\SAGAR G RAO\AppData\Local\Programs\MiKTeX\tex/generic/pgf/systemlayer
\pgf.cfg
File: pgf.cfg 2025-08-29 v3.1.11a (3.1.11a)
)
Driver file for pgf: pgfsys-pdftex.def

(C:\Users\SAGAR G RAO\AppData\Local\Programs\MiKTeX\tex/generic/pgf/systemlayer
\pgfsys-pdftex.def
File: pgfsys-pdftex.def 2025-08-29 v3.1.11a (3.1.11a)

(C:\Users\SAGAR G RAO\AppData\Local\Programs\MiKTeX\tex/generic/pgf/systemlayer
\pgfsys-common-pdf.def
File: pgfsys-common-pdf.def 2025-08-29 v3.1.11a (3.1.11a)
)))
(C:\Users\SAGAR G RAO\AppData\Local\Programs\MiKTeX\tex/generic/pgf/systemlayer
\pgfsyssoftpath.code.tex
File: pgfsyssoftpath.code.tex 2025-08-29 v3.1.11a (3.1.11a)
\pgfsyssoftpath@smallbuffer@items=\count289
\pgfsyssoftpath@bigbuffer@items=\count290
)
(C:\Users\SAGAR G RAO\AppData\Local\Programs\MiKTeX\tex/generic/pgf/systemlayer
\pgfsysprotocol.code.tex
File: pgfsysprotocol.code.tex 2025-08-29 v3.1.11a (3.1.11a)
))
(C:\Users\SAGAR G RAO\AppData\Local\Programs\MiKTeX\tex/latex/xcolor\xcolor.sty
Package: xcolor 2024/09/29 v3.02 LaTeX color extensions (UK)

(C:\Users\SAGAR G RAO\AppData\Local\Programs\MiKTeX\tex/latex/graphics-cfg\colo
r.cfg
File: color.cfg 2016/01/02 v1.6 sample color configuration
)
Package xcolor Info: Driver file: pdftex.def on input line 274.

(C:\Users\SAGAR G RAO\AppData\Local\Programs\MiKTeX\tex/latex/graphics\mathcolo
r.ltx)
Package xcolor Info: Model `cmy' substituted by `cmy0' on input line 1349.
Package xcolor Info: Model `hsb' substituted by `rgb' on input line 1353.
Package xcolor Info: Model `RGB' extended on input line 1365.
Package xcolor Info: Model `HTML' substituted by `rgb' on input line 1367.
Package xcolor Info: Model `Hsb' substituted by `hsb' on input line 1368.
Package xcolor Info: Model `tHsb' substituted by `hsb' on input line 1369.
Package xcolor Info: Model `HSB' substituted by `hsb' on input line 1370.
Package xcolor Info: Model `Gray' substituted by `gray' on input line 1371.
Package xcolor Info: Model `wave' substituted by `hsb' on input line 1372.
)
(C:\Users\SAGAR G RAO\AppData\Local\Programs\MiKTeX\tex/generic/pgf/basiclayer\
pgfcore.code.tex
Package: pgfcore 2025-08-29 v3.1.11a (3.1.11a)

(C:\Users\SAGAR G RAO\AppData\Local\Programs\MiKTeX\tex/generic/pgf/math\pgfmat
h.code.tex
(C:\Users\SAGAR G RAO\AppData\Local\Programs\MiKTeX\tex/generic/pgf/math\pgfmat
hutil.code.tex)
(C:\Users\SAGAR G RAO\AppData\Local\Programs\MiKTeX\tex/generic/pgf/math\pgfmat
hparser.code.tex
\pgfmath@dimen=\dimen163
\pgfmath@count=\count291
\pgfmath@box=\box54
\pgfmath@toks=\toks25
\pgfmath@stack@operand=\toks26
\pgfmath@stack@operation=\toks27
)
(C:\Users\SAGAR G RAO\AppData\Local\Programs\MiKTeX\tex/generic/pgf/math\pgfmat
hfunctions.code.tex)
(C:\Users\SAGAR G RAO\AppData\Local\Programs\MiKTeX\tex/generic/pgf/math\pgfmat
hfunctions.basic.code.tex)
(C:\Users\SAGAR G RAO\AppData\Local\Programs\MiKTeX\tex/generic/pgf/math\pgfmat
hfunctions.trigonometric.code.tex)
(C:\Users\SAGAR G RAO\AppData\Local\Programs\MiKTeX\tex/generic/pgf/math\pgfmat
hfunctions.random.code.tex)
(C:\Users\SAGAR G RAO\AppData\Local\Programs\MiKTeX\tex/generic/pgf/math\pgfmat
hfunctions.comparison.code.tex)
(C:\Users\SAGAR G RAO\AppData\Local\Programs\MiKTeX\tex/generic/pgf/math\pgfmat
hfunctions.base.code.tex)
(C:\Users\SAGAR G RAO\AppData\Local\Programs\MiKTeX\tex/generic/pgf/math\pgfmat
hfunctions.round.code.tex)
(C:\Users\SAGAR G RAO\AppData\Local\Programs\MiKTeX\tex/generic/pgf/math\pgfmat
hfunctions.misc.code.tex)
(C:\Users\SAGAR G RAO\AppData\Local\Programs\MiKTeX\tex/generic/pgf/math\pgfmat
hfunctions.integerarithmetics.code.tex)
(C:\Users\SAGAR G RAO\AppData\Local\Programs\MiKTeX\tex/generic/pgf/math\pgfmat
hcalc.code.tex)
(C:\Users\SAGAR G RAO\AppData\Local\Programs\MiKTeX\tex/generic/pgf/math\pgfmat
hfloat.code.tex
\c@pgfmathroundto@lastzeros=\count292
))
(C:\Users\SAGAR G RAO\AppData\Local\Programs\MiKTeX\tex/generic/pgf/math\pgfint
.code.tex)
(C:\Users\SAGAR G RAO\AppData\Local\Programs\MiKTeX\tex/generic/pgf/basiclayer\
pgfcorepoints.code.tex
File: pgfcorepoints.code.tex 2025-08-29 v3.1.11a (3.1.11a)
\pgf@picminx=\dimen164
\pgf@picmaxx=\dimen165
\pgf@picminy=\dimen166
\pgf@picmaxy=\dimen167
\pgf@pathminx=\dimen168
\pgf@pathmaxx=\dimen169
\pgf@pathminy=\dimen170
\pgf@pathmaxy=\dimen171
\pgf@xx=\dimen172
\pgf@xy=\dimen173
\pgf@yx=\dimen174
\pgf@yy=\dimen175
\pgf@zx=\dimen176
\pgf@zy=\dimen177
)
(C:\Users\SAGAR G RAO\AppData\Local\Programs\MiKTeX\tex/generic/pgf/basiclayer\
pgfcorepathconstruct.code.tex
File: pgfcorepathconstruct.code.tex 2025-08-29 v3.1.11a (3.1.11a)
\pgf@path@lastx=\dimen178
\pgf@path@lasty=\dimen179
)
(C:\Users\SAGAR G RAO\AppData\Local\Programs\MiKTeX\tex/generic/pgf/basiclayer\
pgfcorepathusage.code.tex
File: pgfcorepathusage.code.tex 2025-08-29 v3.1.11a (3.1.11a)
\pgf@shorten@end@additional=\dimen180
\pgf@shorten@start@additional=\dimen181
)
(C:\Users\SAGAR G RAO\AppData\Local\Programs\MiKTeX\tex/generic/pgf/basiclayer\
pgfcorescopes.code.tex
File: pgfcorescopes.code.tex 2025-08-29 v3.1.11a (3.1.11a)
\pgfpic=\box55
\pgf@hbox=\box56
\pgf@layerbox@main=\box57
\pgf@picture@serial@count=\count293
)
(C:\Users\SAGAR G RAO\AppData\Local\Programs\MiKTeX\tex/generic/pgf/basiclayer\
pgfcoregraphicstate.code.tex
File: pgfcoregraphicstate.code.tex 2025-08-29 v3.1.11a (3.1.11a)
\pgflinewidth=\dimen182
)
(C:\Users\SAGAR G RAO\AppData\Local\Programs\MiKTeX\tex/generic/pgf/basiclayer\
pgfcoretransformations.code.tex
File: pgfcoretransformations.code.tex 2025-08-29 v3.1.11a (3.1.11a)
\pgf@pt@x=\dimen183
\pgf@pt@y=\dimen184
\pgf@pt@temp=\dimen185
)
(C:\Users\SAGAR G RAO\AppData\Local\Programs\MiKTeX\tex/generic/pgf/basiclayer\
pgfcorequick.code.tex
File: pgfcorequick.code.tex 2025-08-29 v3.1.11a (3.1.11a)
)
(C:\Users\SAGAR G RAO\AppData\Local\Programs\MiKTeX\tex/generic/pgf/basiclayer\
pgfcoreobjects.code.tex
File: pgfcoreobjects.code.tex 2025-08-29 v3.1.11a (3.1.11a)
)
(C:\Users\SAGAR G RAO\AppData\Local\Programs\MiKTeX\tex/generic/pgf/basiclayer\
pgfcorepathprocessing.code.tex
File: pgfcorepathprocessing.code.tex 2025-08-29 v3.1.11a (3.1.11a)
)
(C:\Users\SAGAR G RAO\AppData\Local\Programs\MiKTeX\tex/generic/pgf/basiclayer\
pgfcorearrows.code.tex
File: pgfcorearrows.code.tex 2025-08-29 v3.1.11a (3.1.11a)
\pgfarrowsep=\dimen186
)
(C:\Users\SAGAR G RAO\AppData\Local\Programs\MiKTeX\tex/generic/pgf/basiclayer\
pgfcoreshade.code.tex
File: pgfcoreshade.code.tex 2025-08-29 v3.1.11a (3.1.11a)
\pgf@max=\dimen187
\pgf@sys@shading@range@num=\count294
\pgf@shadingcount=\count295
)
(C:\Users\SAGAR G RAO\AppData\Local\Programs\MiKTeX\tex/generic/pgf/basiclayer\
pgfcoreimage.code.tex
File: pgfcoreimage.code.tex 2025-08-29 v3.1.11a (3.1.11a)
)
(C:\Users\SAGAR G RAO\AppData\Local\Programs\MiKTeX\tex/generic/pgf/basiclayer\
pgfcoreexternal.code.tex
File: pgfcoreexternal.code.tex 2025-08-29 v3.1.11a (3.1.11a)
\pgfexternal@startupbox=\box58
)
(C:\Users\SAGAR G RAO\AppData\Local\Programs\MiKTeX\tex/generic/pgf/basiclayer\
pgfcorelayers.code.tex
File: pgfcorelayers.code.tex 2025-08-29 v3.1.11a (3.1.11a)
)
(C:\Users\SAGAR G RAO\AppData\Local\Programs\MiKTeX\tex/generic/pgf/basiclayer\
pgfcoretransparency.code.tex
File: pgfcoretransparency.code.tex 2025-08-29 v3.1.11a (3.1.11a)
)
(C:\Users\SAGAR G RAO\AppData\Local\Programs\MiKTeX\tex/generic/pgf/basiclayer\
pgfcorepatterns.code.tex
File: pgfcorepatterns.code.tex 2025-08-29 v3.1.11a (3.1.11a)
)
(C:\Users\SAGAR G RAO\AppData\Local\Programs\MiKTeX\tex/generic/pgf/basiclayer\
pgfcorerdf.code.tex
File: pgfcorerdf.code.tex 2025-08-29 v3.1.11a (3.1.11a)
)))
(C:\Users\SAGAR G RAO\AppData\Local\Programs\MiKTeX\tex/generic/pgf/modules\pgf
moduleshapes.code.tex
File: pgfmoduleshapes.code.tex 2025-08-29 v3.1.11a (3.1.11a)
\pgfnodeparttextbox=\box59
)
(C:\Users\SAGAR G RAO\AppData\Local\Programs\MiKTeX\tex/generic/pgf/modules\pgf
moduleplot.code.tex
File: pgfmoduleplot.code.tex 2025-08-29 v3.1.11a (3.1.11a)
)
(C:\Users\SAGAR G RAO\AppData\Local\Programs\MiKTeX\tex/latex/pgf/compatibility
\pgfcomp-version-0-65.sty
Package: pgfcomp-version-0-65 2025-08-29 v3.1.11a (3.1.11a)
\pgf@nodesepstart=\dimen188
\pgf@nodesepend=\dimen189
)
(C:\Users\SAGAR G RAO\AppData\Local\Programs\MiKTeX\tex/latex/pgf/compatibility
\pgfcomp-version-1-18.sty
Package: pgfcomp-version-1-18 2025-08-29 v3.1.11a (3.1.11a)
))
(C:\Users\SAGAR G RAO\AppData\Local\Programs\MiKTeX\tex/latex/pgf/utilities\pgf
for.sty
(C:\Users\SAGAR G RAO\AppData\Local\Programs\MiKTeX\tex/latex/pgf/utilities\pgf
keys.sty
(C:\Users\SAGAR G RAO\AppData\Local\Programs\MiKTeX\tex/generic/pgf/utilities\p
gfkeys.code.tex))
(C:\User