This is pdfTeX, Version 3.141592653-2.6-1.40.28 (MiKTeX 25.12) (preloaded format=pdflatex 2026.3.9)  26 MAY 2026 07:42
entering extended mode
 restricted \write18 enabled.
 %&-line parsing enabled.
**./4rth.tex
(4rth.tex
LaTeX2e <2025-11-01>
L3 programming layer <2025-12-24>
(C:\Users\SAGAR G RAO\AppData\Local\Programs\MiKTeX\tex/latex/base\report.cls
Document Class: report 2025/01/22 v1.4n Standard LaTeX document class
(C:\Users\SAGAR G RAO\AppData\Local\Programs\MiKTeX\tex/latex/base\size12.clo
File: size12.clo 2025/01/22 v1.4n Standard LaTeX file (size option)
)
\c@part=\count275
\c@chapter=\count276
\c@section=\count277
\c@subsection=\count278
\c@subsubsection=\count279
\c@paragraph=\count280
\c@subparagraph=\count281
\c@figure=\count282
\c@table=\count283
\abovecaptionskip=\skip49
\belowcaptionskip=\skip50
\bibindent=\dimen148
)
(C:\Users\SAGAR G RAO\AppData\Local\Programs\MiKTeX\tex/latex/graphics\graphicx
.sty
Package: graphicx 2024/12/31 v1.2e Enhanced LaTeX Graphics (DPC,SPQR)

(C:\Users\SAGAR G RAO\AppData\Local\Programs\MiKTeX\tex/latex/graphics\keyval.s
ty
Package: keyval 2022/05/29 v1.15 key=value parser (DPC)
\KV@toks@=\toks17
)
(C:\Users\SAGAR G RAO\AppData\Local\Programs\MiKTeX\tex/latex/graphics\graphics
.sty
Package: graphics 2024/08/06 v1.4g Standard LaTeX Graphics (DPC,SPQR)

(C:\Users\SAGAR G RAO\AppData\Local\Programs\MiKTeX\tex/latex/graphics\trig.sty
Package: trig 2023/12/02 v1.11 sin cos tan (DPC)
)
(C:\Users\SAGAR G RAO\AppData\Local\Programs\MiKTeX\tex/latex/graphics-cfg\grap
hics.cfg
File: graphics.cfg 2016/06/04 v1.11 sample graphics configuration
)
Package graphics Info: Driver file: pdftex.def on input line 106.

(C:\Users\SAGAR G RAO\AppData\Local\Programs\MiKTeX\tex/latex/graphics-def\pdft
ex.def
File: pdftex.def 2025/09/29 v1.2d Graphics/color driver for pdftex
))
\Gin@req@height=\dimen149
\Gin@req@width=\dimen150
)
(C:\Users\SAGAR G RAO\AppData\Local\Programs\MiKTeX\tex/latex/l3backend\l3backe
nd-pdftex.def
File: l3backend-pdftex.def 2025-10-09 L3 backend support: PDF output (pdfTeX)
\l__color_backend_stack_int=\count284
)
No file 4rth.aux.
\openout1 = `4rth.aux'.

LaTeX Font Info:    Checking defaults for OML/cmm/m/it on input line 3.
LaTeX Font Info:    ... okay on input line 3.
LaTeX Font Info:    Checking defaults for OMS/cmsy/m/n on input line 3.
LaTeX Font Info:    ... okay on input line 3.
LaTeX Font Info:    Checking defaults for OT1/cmr/m/n on input line 3.
LaTeX Font Info:    ... okay on input line 3.
LaTeX Font Info:    Checking defaults for T1/cmr/m/n on input line 3.
LaTeX Font Info:    ... okay on input line 3.
LaTeX Font Info:    Checking defaults for TS1/cmr/m/n on input line 3.
LaTeX Font Info:    ... okay on input line 3.
LaTeX Font Info:    Checking defaults for OMX/cmex/m/n on input line 3.
LaTeX Font Info:    ... okay on input line 3.
LaTeX Font Info:    Checking defaults for U/cmr/m/n on input line 3.
LaTeX Font Info:    ... okay on input line 3.

(C:\Users\SAGAR G RAO\AppData\Local\Programs\MiKTeX\tex/context/base/mkii\supp-
pdf.mkii
[Loading MPS to PDF converter (version 2006.09.02).]
\scratchcounter=\count285
\scratchdimen=\dimen151
\scratchbox=\box53
\nofMPsegments=\count286
\nofMParguments=\count287
\everyMPshowfont=\toks18
\MPscratchCnt=\count288
\MPscratchDim=\dimen152
\MPnumerator=\count289
\makeMPintoPDFobject=\count290
\everyMPtoPDFconversion=\toks19
)
(C:\Users\SAGAR G RAO\AppData\Local\Programs\MiKTeX\tex/latex/epstopdf-pkg\epst
opdf-base.sty
Package: epstopdf-base 2020-01-24 v2.11 Base part for package epstopdf
Package epstopdf-base Info: Redefining graphics rule for `.eps' on input line 4
85.

(C:\Users\SAGAR G RAO\AppData\Local\Programs\MiKTeX\tex/latex/00miktex\epstopdf
-sys.cfg
File: epstopdf-sys.cfg 2021/03/18 v2.0 Configuration of epstopdf for MiKTeX
))

LaTeX Warning: File `vtu_logo.jpeg' not found on input line 9.


! Package pdftex.def Error: File `vtu_logo.jpeg' not found: using draft setting
.

See the pdftex.def package documentation for explanation.
Type  H <return>  for immediate help.
 ...                                              
  